[1020/161755.888:ERROR:directory_reader_win.cc(43)] FindFirstFile: The system cannot find the path specified. (0x3)
[1020/200929.308:ERROR:directory_reader_win.cc(43)] FindFirstFile: The system cannot find the path specified. (0x3)
[1021/141850.669:ERROR:directory_reader_win.cc(43)] FindFirstFile: The system cannot find the path specified. (0x3)
[1021/143317.072:ERROR:directory_reader_win.cc(43)] FindFirstFile: The system cannot find the path specified. (0x3)
[1022/161135.542:ERROR:filesystem_win.cc(129)] GetFileAttributes C:\Users\AA\AppData\Local\Temp\scoped_dir6112_1600941238\Crashpad\attachments\9c3f1df8-0c74-4452-942a-1ad325697d45: The system cannot find the path specified. (0x3)
[1102/210006.047:ERROR:directory_reader_win.cc(43)] FindFirstFile: The system cannot find the path specified. (0x3)
[1103/104847.481:ERROR:directory_reader_win.cc(43)] FindFirstFile: The system cannot find the path specified. (0x3)
[1103/104847.544:ERROR:directory_reader_win.cc(43)] FindFirstFile: The system cannot find the path specified. (0x3)
[1103/110822.498:ERROR:directory_reader_win.cc(43)] FindFirstFile: The system cannot find the path specified. (0x3)
[1103/120324.477:ERROR:directory_reader_win.cc(43)] FindFirstFile: The system cannot find the path specified. (0x3)
[1103/120324.759:ERROR:directory_reader_win.cc(43)] FindFirstFile: The system cannot find the path specified. (0x3)
[1103/120324.197:ERROR:directory_reader_win.cc(43)] FindFirstFile: The system cannot find the path specified. (0x3)
[1103/120324.874:ERROR:directory_reader_win.cc(43)] FindFirstFile: The system cannot find the path specified. (0x3)
[1103/120716.840:ERROR:directory_reader_win.cc(43)] FindFirstFile: The system cannot find the path specified. (0x3)
[1103/120744.467:ERROR:directory_reader_win.cc(43)] FindFirstFile: The system cannot find the path specified. (0x3)
[1103/123127.918:ERROR:directory_reader_win.cc(43)] FindFirstFile: The system cannot find the path specified. (0x3)
[1103/123128.358:ERROR:directory_reader_win.cc(43)] FindFirstFile: The system cannot find the path specified. (0x3)
[1103/123321.269:ERROR:directory_reader_win.cc(43)] FindFirstFile: The system cannot find the path specified. (0x3)
[1103/123321.926:ERROR:directory_reader_win.cc(43)] FindFirstFile: The system cannot find the path specified. (0x3)
[1103/125131.183:ERROR:directory_reader_win.cc(43)] FindFirstFile: The system cannot find the path specified. (0x3)
[1103/125131.199:ERROR:directory_reader_win.cc(43)] FindFirstFile: The system cannot find the path specified. (0x3)
[1103/125358.770:ERROR:directory_reader_win.cc(43)] FindFirstFile: The system cannot find the path specified. (0x3)
[1103/131158.304:ERROR:directory_reader_win.cc(43)] FindFirstFile: The system cannot find the path specified. (0x3)
[1103/131323.478:ERROR:directory_reader_win.cc(43)] FindFirstFile: The system cannot find the path specified. (0x3)
[1103/131433.769:ERROR:directory_reader_win.cc(43)] FindFirstFile: The system cannot find the path specified. (0x3)
[1103/131815.581:ERROR:directory_reader_win.cc(43)] FindFirstFile: The system cannot find the path specified. (0x3)
[1103/133233.592:ERROR:directory_reader_win.cc(43)] FindFirstFile: The system cannot find the path specified. (0x3)
[1103/134619.678:ERROR:directory_reader_win.cc(43)] FindFirstFile: The system cannot find the path specified. (0x3)
[1103/134842.857:ERROR:directory_reader_win.cc(43)] FindFirstFile: The system cannot find the path specified. (0x3)
[1103/135908.878:ERROR:directory_reader_win.cc(43)] FindFirstFile: The system cannot find the path specified. (0x3)
[1103/200152.775:ERROR:process_memory_win.cc(73)] ReadMemory at 0x1c3000 of 53248 bytes failed: Only part of a ReadProcessMemory or WriteProcessMemory request was completed. (0x12B)
[1103/200152.822:ERROR:process_memory_win.cc(73)] ReadMemory at 0x37ae000 of 8192 bytes failed: Only part of a ReadProcessMemory or WriteProcessMemory request was completed. (0x12B)
[1103/200152.822:ERROR:process_memory_win.cc(73)] ReadMemory at 0x399c000 of 16384 bytes failed: Only part of a ReadProcessMemory or WriteProcessMemory request was completed. (0x12B)
[1103/200152.822:ERROR:process_memory_win.cc(73)] ReadMemory at 0x3bee000 of 8192 bytes failed: Only part of a ReadProcessMemory or WriteProcessMemory request was completed. (0x12B)
[1103/200152.822:ERROR:process_memory_win.cc(73)] ReadMemory at 0x3ade000 of 8192 bytes failed: Only part of a ReadProcessMemory or WriteProcessMemory request was completed. (0x12B)
[1103/200152.822:ERROR:process_memory_win.cc(73)] ReadMemory at 0x3daf000 of 4096 bytes failed: Only part of a ReadProcessMemory or WriteProcessMemory request was completed. (0x12B)
[1103/200152.822:ERROR:process_memory_win.cc(73)] ReadMemory at 0x3f6e000 of 8192 bytes failed: Only part of a ReadProcessMemory or WriteProcessMemory request was completed. (0x12B)
[1103/200152.822:ERROR:process_memory_win.cc(73)] ReadMemory at 0x368e000 of 8192 bytes failed: Only part of a ReadProcessMemory or WriteProcessMemory request was completed. (0x12B)
[1103/200152.822:ERROR:process_memory_win.cc(73)] ReadMemory at 0x412e000 of 8192 bytes failed: Only part of a ReadProcessMemory or WriteProcessMemory request was completed. (0x12B)
[1103/200152.822:ERROR:process_memory_win.cc(73)] ReadMemory at 0x2462c000 of 16384 bytes failed: Only part of a ReadProcessMemory or WriteProcessMemory request was completed. (0x12B)
[1103/200152.822:ERROR:process_memory_win.cc(73)] ReadMemory at 0x2485e000 of 8192 bytes failed: Only part of a ReadProcessMemory or WriteProcessMemory request was completed. (0x12B)
[1103/200152.822:ERROR:process_memory_win.cc(73)] ReadMemory at 0x24e8e000 of 8192 bytes failed: Only part of a ReadProcessMemory or WriteProcessMemory request was completed. (0x12B)
[1103/200152.822:ERROR:process_memory_win.cc(73)] ReadMemory at 0x250ac000 of 16384 bytes failed: Only part of a ReadProcessMemory or WriteProcessMemory request was completed. (0x12B)
[1103/200152.822:ERROR:process_memory_win.cc(73)] ReadMemory at 0x251fe000 of 8192 bytes failed: Only part of a ReadProcessMemory or WriteProcessMemory request was completed. (0x12B)
[1103/200152.822:ERROR:process_memory_win.cc(73)] ReadMemory at 0x28c6e000 of 8192 bytes failed: Only part of a ReadProcessMemory or WriteProcessMemory request was completed. (0x12B)
[1103/200152.822:ERROR:process_memory_win.cc(73)] ReadMemory at 0x40000 of 384 bytes failed: Only part of a ReadProcessMemory or WriteProcessMemory request was completed. (0x12B)
[1103/200152.822:ERROR:process_memory_win.cc(73)] ReadMemory at 0xe80000 of 384 bytes failed: Only part of a ReadProcessMemory or WriteProcessMemory request was completed. (0x12B)
[1103/200152.822:ERROR:process_memory_win.cc(73)] ReadMemory at 0xe807f0 of 3206 bytes failed: Only part of a ReadProcessMemory or WriteProcessMemory request was completed. (0x12B)
[1103/200152.822:ERROR:process_memory_win.cc(73)] ReadMemory at 0xe81480 of 660 bytes failed: Only part of a ReadProcessMemory or WriteProcessMemory request was completed. (0x12B)
[1103/200152.822:ERROR:process_memory_win.cc(73)] ReadMemory at 0xe81920 of 788 bytes failed: Only part of a ReadProcessMemory or WriteProcessMemory request was completed. (0x12B)
[1103/200152.822:ERROR:process_memory_win.cc(73)] ReadMemory at 0xe81c36 of 106 bytes failed: Only part of a ReadProcessMemory or WriteProcessMemory request was completed. (0x12B)
[1103/200152.822:ERROR:process_memory_win.cc(73)] ReadMemory at 0xe81ca2 of 1174 bytes failed: Only part of a ReadProcessMemory or WriteProcessMemory request was completed. (0x12B)
[1103/200152.822:ERROR:process_memory_win.cc(73)] ReadMemory at 0xe8213a of 106 bytes failed: Only part of a ReadProcessMemory or WriteProcessMemory request was completed. (0x12B)
[1103/200152.822:ERROR:process_memory_win.cc(73)] ReadMemory at 0xe821a6 of 96 bytes failed: Only part of a ReadProcessMemory or WriteProcessMemory request was completed. (0x12B)
[1103/200152.822:ERROR:process_memory_win.cc(73)] ReadMemory at 0xe82218 of 58 bytes failed: Only part of a ReadProcessMemory or WriteProcessMemory request was completed. (0x12B)
[1103/200152.822:ERROR:process_memory_win.cc(73)] ReadMemory at 0xe82298 of 72 bytes failed: Only part of a ReadProcessMemory or WriteProcessMemory request was completed. (0x12B)
[1103/200152.822:ERROR:process_memory_win.cc(73)] ReadMemory at 0xe82318 of 72 bytes failed: Only part of a ReadProcessMemory or WriteProcessMemory request was completed. (0x12B)
[1103/200152.822:ERROR:process_memory_win.cc(73)] ReadMemory at 0xe823b0 of 114 bytes failed: Only part of a ReadProcessMemory or WriteProcessMemory request was completed. (0x12B)
[1103/200152.822:ERROR:process_memory_win.cc(73)] ReadMemory at 0xe826d0 of 64 bytes failed: Only part of a ReadProcessMemory or WriteProcessMemory request was completed. (0x12B)
[1103/200152.822:ERROR:process_memory_win.cc(73)] ReadMemory at 0xe82720 of 72 bytes failed: Only part of a ReadProcessMemory or WriteProcessMemory request was completed. (0x12B)
[1103/200152.822:ERROR:process_memory_win.cc(73)] ReadMemory at 0xe827b8 of 68 bytes failed: Only part of a ReadProcessMemory or WriteProcessMemory request was completed. (0x12B)
[1103/200152.822:ERROR:process_memory_win.cc(73)] ReadMemory at 0xe82808 of 72 bytes failed: Only part of a ReadProcessMemory or WriteProcessMemory request was completed. (0x12B)
[1103/200152.822:ERROR:process_memory_win.cc(73)] ReadMemory at 0xe832c8 of 72 bytes failed: Only part of a ReadProcessMemory or WriteProcessMemory request was completed. (0x12B)
[1103/200152.822:ERROR:process_memory_win.cc(73)] ReadMemory at 0xe83470 of 142 bytes failed: Only part of a ReadProcessMemory or WriteProcessMemory request was completed. (0x12B)
[1103/200152.822:ERROR:process_memory_win.cc(73)] ReadMemory at 0xe83508 of 72 bytes failed: Only part of a ReadProcessMemory or WriteProcessMemory request was completed. (0x12B)
[1103/200152.822:ERROR:process_memory_win.cc(73)] ReadMemory at 0xe83b00 of 60 bytes failed: Only part of a ReadProcessMemory or WriteProcessMemory request was completed. (0x12B)
[1103/200152.822:ERROR:process_memory_win.cc(73)] ReadMemory at 0xe83b48 of 72 bytes failed: Only part of a ReadProcessMemory or WriteProcessMemory request was completed. (0x12B)
[1103/200152.822:ERROR:process_memory_win.cc(73)] ReadMemory at 0xe83d28 of 62 bytes failed: Only part of a ReadProcessMemory or WriteProcessMemory request was completed. (0x12B)
[1103/200152.822:ERROR:process_memory_win.cc(73)] ReadMemory at 0xea2448 of 62 bytes failed: Only part of a ReadProcessMemory or WriteProcessMemory request was completed. (0x12B)
[1103/200152.822:ERROR:process_memory_win.cc(73)] ReadMemory at 0xea2490 of 72 bytes failed: Only part of a ReadProcessMemory or WriteProcessMemory request was completed. (0x12B)
[1103/200152.822:ERROR:process_memory_win.cc(73)] ReadMemory at 0xea2510 of 62 bytes failed: Only part of a ReadProcessMemory or WriteProcessMemory request was completed. (0x12B)
[1103/200152.822:ERROR:process_memory_win.cc(73)] ReadMemory at 0xea2558 of 72 bytes failed: Only part of a ReadProcessMemory or WriteProcessMemory request was completed. (0x12B)
[1103/200152.822:ERROR:process_memory_win.cc(73)] ReadMemory at 0xea25d8 of 58 bytes failed: Only part of a ReadProcessMemory or WriteProcessMemory request was completed. (0x12B)
[1103/200152.822:ERROR:process_memory_win.cc(73)] ReadMemory at 0xea2620 of 60 bytes failed: Only part of a ReadProcessMemory or WriteProcessMemory request was completed. (0x12B)
[1103/200152.822:ERROR:process_memory_win.cc(73)] ReadMemory at 0xea2fc0 of 72 bytes failed: Only part of a ReadProcessMemory or WriteProcessMemory request was completed. (0x12B)
[1103/200152.822:ERROR:process_memory_win.cc(73)] ReadMemory at 0xea3040 of 72 bytes failed: Only part of a ReadProcessMemory or WriteProcessMemory request was completed. (0x12B)
[1103/200152.822:ERROR:process_memory_win.cc(73)] ReadMemory at 0xea30c0 of 54 bytes failed: Only part of a ReadProcessMemory or WriteProcessMemory request was completed. (0x12B)
[1103/200152.822:ERROR:process_memory_win.cc(73)] ReadMemory at 0xea3100 of 72 bytes failed: Only part of a ReadProcessMemory or WriteProcessMemory request was completed. (0x12B)
[1103/200152.822:ERROR:process_memory_win.cc(73)] ReadMemory at 0xea3180 of 58 bytes failed: Only part of a ReadProcessMemory or WriteProcessMemory request was completed. (0x12B)
[1103/200152.822:ERROR:process_memory_win.cc(73)] ReadMemory at 0xea31c8 of 72 bytes failed: Only part of a ReadProcessMemory or WriteProcessMemory request was completed. (0x12B)
[1103/200152.837:ERROR:process_memory_win.cc(73)] ReadMemory at 0xea3248 of 58 bytes failed: Only part of a ReadProcessMemory or WriteProcessMemory request was completed. (0x12B)
[1103/200152.837:ERROR:process_memory_win.cc(73)] ReadMemory at 0xea3290 of 72 bytes failed: Only part of a ReadProcessMemory or WriteProcessMemory request was completed. (0x12B)
[1103/200152.837:ERROR:process_memory_win.cc(73)] ReadMemory at 0xea3470 of 58 bytes failed: Only part of a ReadProcessMemory or WriteProcessMemory request was completed. (0x12B)
[1103/200152.837:ERROR:process_memory_win.cc(73)] ReadMemory at 0xea34b8 of 72 bytes failed: Only part of a ReadProcessMemory or WriteProcessMemory request was completed. (0x12B)
[1103/200152.837:ERROR:process_memory_win.cc(73)] ReadMemory at 0xea56f0 of 64 bytes failed: Only part of a ReadProcessMemory or WriteProcessMemory request was completed. (0x12B)
[1103/200152.837:ERROR:process_memory_win.cc(73)] ReadMemory at 0xea5740 of 64 bytes failed: Only part of a ReadProcessMemory or WriteProcessMemory request was completed. (0x12B)
[1103/200152.837:ERROR:process_memory_win.cc(73)] ReadMemory at 0xea5870 of 58 bytes failed: Only part of a ReadProcessMemory or WriteProcessMemory request was completed. (0x12B)
[1103/200152.837:ERROR:process_memory_win.cc(73)] ReadMemory at 0xea58b8 of 62 bytes failed: Only part of a ReadProcessMemory or WriteProcessMemory request was completed. (0x12B)
[1103/200152.837:ERROR:process_memory_win.cc(73)] ReadMemory at 0xea5948 of 62 bytes failed: Only part of a ReadProcessMemory or WriteProcessMemory request was completed. (0x12B)
[1103/200152.837:ERROR:process_memory_win.cc(73)] ReadMemory at 0xea5990 of 60 bytes failed: Only part of a ReadProcessMemory or WriteProcessMemory request was completed. (0x12B)
[1103/200152.837:ERROR:process_memory_win.cc(73)] ReadMemory at 0xea59d8 of 60 bytes failed: Only part of a ReadProcessMemory or WriteProcessMemory request was completed. (0x12B)
[1103/200152.837:ERROR:process_memory_win.cc(73)] ReadMemory at 0xea5a68 of 60 bytes failed: Only part of a ReadProcessMemory or WriteProcessMemory request was completed. (0x12B)
[1103/200152.837:ERROR:process_memory_win.cc(73)] ReadMemory at 0xea5ab0 of 58 bytes failed: Only part of a ReadProcessMemory or WriteProcessMemory request was completed. (0x12B)
[1103/200152.837:ERROR:process_memory_win.cc(73)] ReadMemory at 0xea5af8 of 58 bytes failed: Only part of a ReadProcessMemory or WriteProcessMemory request was completed. (0x12B)
[1103/200152.837:ERROR:process_memory_win.cc(73)] ReadMemory at 0xea5b40 of 60 bytes failed: Only part of a ReadProcessMemory or WriteProcessMemory request was completed. (0x12B)
[1103/200152.837:ERROR:process_memory_win.cc(73)] ReadMemory at 0xea5b88 of 62 bytes failed: Only part of a ReadProcessMemory or WriteProcessMemory request was completed. (0x12B)
[1103/200152.837:ERROR:process_memory_win.cc(73)] ReadMemory at 0xea5bd0 of 62 bytes failed: Only part of a ReadProcessMemory or WriteProcessMemory request was completed. (0x12B)
[1103/200152.837:ERROR:process_memory_win.cc(73)] ReadMemory at 0xea5c18 of 62 bytes failed: Only part of a ReadProcessMemory or WriteProcessMemory request was completed. (0x12B)
[1103/200152.837:ERROR:process_memory_win.cc(73)] ReadMemory at 0xea5c60 of 62 bytes failed: Only part of a ReadProcessMemory or WriteProcessMemory request was completed. (0x12B)
[1103/200152.837:ERROR:process_memory_win.cc(73)] ReadMemory at 0xea5ca8 of 62 bytes failed: Only part of a ReadProcessMemory or WriteProcessMemory request was completed. (0x12B)
[1103/200152.837:ERROR:process_memory_win.cc(73)] ReadMemory at 0xea5cf0 of 60 bytes failed: Only part of a ReadProcessMemory or WriteProcessMemory request was completed. (0x12B)
[1103/200152.837:ERROR:process_memory_win.cc(73)] ReadMemory at 0xea5d38 of 60 bytes failed: Only part of a ReadProcessMemory or WriteProcessMemory request was completed. (0x12B)
[1103/200152.837:ERROR:process_memory_win.cc(73)] ReadMemory at 0xea5d80 of 62 bytes failed: Only part of a ReadProcessMemory or WriteProcessMemory request was completed. (0x12B)
[1103/200152.837:ERROR:process_memory_win.cc(73)] ReadMemory at 0xea5dc8 of 58 bytes failed: Only part of a ReadProcessMemory or WriteProcessMemory request was completed. (0x12B)
[1103/200152.837:ERROR:process_memory_win.cc(73)] ReadMemory at 0xea6930 of 80 bytes failed: Only part of a ReadProcessMemory or WriteProcessMemory request was completed. (0x12B)
[1103/200152.837:ERROR:process_memory_win.cc(73)] ReadMemory at 0xea6a20 of 72 bytes failed: Only part of a ReadProcessMemory or WriteProcessMemory request was completed. (0x12B)
[1103/200152.837:ERROR:process_memory_win.cc(73)] ReadMemory at 0xea7328 of 64 bytes failed: Only part of a ReadProcessMemory or WriteProcessMemory request was completed. (0x12B)
[1103/200152.837:ERROR:process_memory_win.cc(73)] ReadMemory at 0xea73a0 of 64 bytes failed: Only part of a ReadProcessMemory or WriteProcessMemory request was completed. (0x12B)
[1103/200152.837:ERROR:process_memory_win.cc(73)] ReadMemory at 0xea7468 of 72 bytes failed: Only part of a ReadProcessMemory or WriteProcessMemory request was completed. (0x12B)
[1103/200152.837:ERROR:process_memory_win.cc(73)] ReadMemory at 0xea7688 of 54 bytes failed: Only part of a ReadProcessMemory or WriteProcessMemory request was completed. (0x12B)
[1103/200152.837:ERROR:process_memory_win.cc(73)] ReadMemory at 0xea7780 of 64 bytes failed: Only part of a ReadProcessMemory or WriteProcessMemory request was completed. (0x12B)
[1103/200152.837:ERROR:process_memory_win.cc(73)] ReadMemory at 0xea7b38 of 134 bytes failed: Only part of a ReadProcessMemory or WriteProcessMemory request was completed. (0x12B)
[1103/200152.837:ERROR:process_memory_win.cc(73)] ReadMemory at 0xea7bc8 of 64 bytes failed: Only part of a ReadProcessMemory or WriteProcessMemory request was completed. (0x12B)
[1103/200152.837:ERROR:process_memory_win.cc(73)] ReadMemory at 0xea7d78 of 72 bytes failed: Only part of a ReadProcessMemory or WriteProcessMemory request was completed. (0x12B)
[1103/200152.837:ERROR:process_memory_win.cc(73)] ReadMemory at 0xea7df8 of 72 bytes failed: Only part of a ReadProcessMemory or WriteProcessMemory request was completed. (0x12B)
[1103/200152.837:ERROR:process_memory_win.cc(73)] ReadMemory at 0xea7e78 of 72 bytes failed: Only part of a ReadProcessMemory or WriteProcessMemory request was completed. (0x12B)
[1103/200152.837:ERROR:process_memory_win.cc(73)] ReadMemory at 0xea7ef8 of 72 bytes failed: Only part of a ReadProcessMemory or WriteProcessMemory request was completed. (0x12B)
[1103/200152.837:ERROR:process_memory_win.cc(73)] ReadMemory at 0xea7f78 of 72 bytes failed: Only part of a ReadProcessMemory or WriteProcessMemory request was completed. (0x12B)
[1103/200152.837:ERROR:process_memory_win.cc(73)] ReadMemory at 0xea7ff8 of 72 bytes failed: Only part of a ReadProcessMemory or WriteProcessMemory request was completed. (0x12B)
[1103/200152.837:ERROR:process_memory_win.cc(73)] ReadMemory at 0xea8078 of 72 bytes failed: Only part of a ReadProcessMemory or WriteProcessMemory request was completed. (0x12B)
[1103/200152.837:ERROR:process_memory_win.cc(73)] ReadMemory at 0xea80f8 of 72 bytes failed: Only part of a ReadProcessMemory or WriteProcessMemory request was completed. (0x12B)
[1103/200152.837:ERROR:process_memory_win.cc(73)] ReadMemory at 0xea8178 of 72 bytes failed: Only part of a ReadProcessMemory or WriteProcessMemory request was completed. (0x12B)
[1103/200152.837:ERROR:process_memory_win.cc(73)] ReadMemory at 0xea81f8 of 72 bytes failed: Only part of a ReadProcessMemory or WriteProcessMemory request was completed. (0x12B)
[1103/200152.837:ERROR:process_memory_win.cc(73)] ReadMemory at 0xea8278 of 72 bytes failed: Only part of a ReadProcessMemory or WriteProcessMemory request was completed. (0x12B)
[1103/200152.837:ERROR:process_memory_win.cc(73)] ReadMemory at 0xea82f8 of 72 bytes failed: Only part of a ReadProcessMemory or WriteProcessMemory request was completed. (0x12B)
[1103/200152.837:ERROR:process_memory_win.cc(73)] ReadMemory at 0xea8378 of 72 bytes failed: Only part of a ReadProcessMemory or WriteProcessMemory request was completed. (0x12B)
[1103/200152.869:ERROR:process_memory_win.cc(73)] ReadMemory at 0xea83f8 of 72 bytes failed: Only part of a ReadProcessMemory or WriteProcessMemory request was completed. (0x12B)
[1103/200152.869:ERROR:process_memory_win.cc(73)] ReadMemory at 0xea8478 of 72 bytes failed: Only part of a ReadProcessMemory or WriteProcessMemory request was completed. (0x12B)
[1103/200152.869:ERROR:process_memory_win.cc(73)] ReadMemory at 0xea84f8 of 72 bytes failed: Only part of a ReadProcessMemory or WriteProcessMemory request was completed. (0x12B)
[1103/200152.869:ERROR:process_memory_win.cc(73)] ReadMemory at 0xea8578 of 72 bytes failed: Only part of a ReadProcessMemory or WriteProcessMemory request was completed. (0x12B)
[1103/200152.869:ERROR:process_memory_win.cc(73)] ReadMemory at 0xea85f8 of 72 bytes failed: Only part of a ReadProcessMemory or WriteProcessMemory request was completed. (0x12B)
[1103/200152.869:ERROR:process_memory_win.cc(73)] ReadMemory at 0xea8678 of 72 bytes failed: Only part of a ReadProcessMemory or WriteProcessMemory request was completed. (0x12B)
[1103/200152.869:ERROR:process_memory_win.cc(73)] ReadMemory at 0xea86f8 of 72 bytes failed: Only part of a ReadProcessMemory or WriteProcessMemory request was completed. (0x12B)
[1103/200152.869:ERROR:process_memory_win.cc(73)] ReadMemory at 0xea8778 of 72 bytes failed: Only part of a ReadProcessMemory or WriteProcessMemory request was completed. (0x12B)
[1103/200152.869:ERROR:process_memory_win.cc(73)] ReadMemory at 0xea87f8 of 72 bytes failed: Only part of a ReadProcessMemory or WriteProcessMemory request was completed. (0x12B)
[1103/200152.869:ERROR:process_memory_win.cc(73)] ReadMemory at 0xea8878 of 72 bytes failed: Only part of a ReadProcessMemory or WriteProcessMemory request was completed. (0x12B)
[1103/200152.869:ERROR:process_memory_win.cc(73)] ReadMemory at 0xea88f8 of 72 bytes failed: Only part of a ReadProcessMemory or WriteProcessMemory request was completed. (0x12B)
[1103/200152.869:ERROR:process_memory_win.cc(73)] ReadMemory at 0xea8978 of 72 bytes failed: Only part of a ReadProcessMemory or WriteProcessMemory request was completed. (0x12B)
[1103/200152.869:ERROR:process_memory_win.cc(73)] ReadMemory at 0xea8af8 of 72 bytes failed: Only part of a ReadProcessMemory or WriteProcessMemory request was completed. (0x12B)
[1103/200152.869:ERROR:process_memory_win.cc(73)] ReadMemory at 0xeadc40 of 66 bytes failed: Only part of a ReadProcessMemory or WriteProcessMemory request was completed. (0x12B)
[1103/200152.869:ERROR:process_memory_win.cc(73)] ReadMemory at 0xf00c68 of 512 bytes failed: Only part of a ReadProcessMemory or WriteProcessMemory request was completed. (0x12B)
[1103/200152.869:ERROR:process_memory_win.cc(73)] ReadMemory at 0xf085f0 of 512 bytes failed: Only part of a ReadProcessMemory or WriteProcessMemory request was completed. (0x12B)
[1103/200152.869:ERROR:process_memory_win.cc(73)] ReadMemory at 0xf0a020 of 512 bytes failed: Only part of a ReadProcessMemory or WriteProcessMemory request was completed. (0x12B)
[1103/200152.869:ERROR:process_memory_win.cc(73)] ReadMemory at 0xf0f6d8 of 512 bytes failed: Only part of a ReadProcessMemory or WriteProcessMemory request was completed. (0x12B)
[1103/200152.869:ERROR:process_memory_win.cc(73)] ReadMemory at 0xf0f910 of 512 bytes failed: Only part of a ReadProcessMemory or WriteProcessMemory request was completed. (0x12B)
[1103/200152.869:ERROR:process_memory_win.cc(73)] ReadMemory at 0xf1bf68 of 512 bytes failed: Only part of a ReadProcessMemory or WriteProcessMemory request was completed. (0x12B)
[1103/200152.869:ERROR:process_memory_win.cc(73)] ReadMemory at 0xf1d3e0 of 512 bytes failed: Only part of a ReadProcessMemory or WriteProcessMemory request was completed. (0x12B)
[1103/200152.869:ERROR:process_memory_win.cc(73)] ReadMemory at 0xf2c7d0 of 512 bytes failed: Only part of a ReadProcessMemory or WriteProcessMemory request was completed. (0x12B)
[1103/200152.869:ERROR:process_memory_win.cc(73)] ReadMemory at 0xf37d80 of 512 bytes failed: Only part of a ReadProcessMemory or WriteProcessMemory request was completed. (0x12B)
[1103/200152.869:ERROR:process_memory_win.cc(73)] ReadMemory at 0xf63f30 of 512 bytes failed: Only part of a ReadProcessMemory or WriteProcessMemory request was completed. (0x12B)
[1103/200152.869:ERROR:process_memory_win.cc(73)] ReadMemory at 0x24280000 of 384 bytes failed: Only part of a ReadProcessMemory or WriteProcessMemory request was completed. (0x12B)
[1103/200152.869:ERROR:process_memory_win.cc(73)] ReadMemory at 0x24283f80 of 512 bytes failed: Only part of a ReadProcessMemory or WriteProcessMemory request was completed. (0x12B)
[1103/200152.869:ERROR:process_memory_win.cc(73)] ReadMemory at 0x272d9014 of 512 bytes failed: Only part of a ReadProcessMemory or WriteProcessMemory request was completed. (0x12B)
[1103/200152.869:ERROR:process_memory_win.cc(73)] ReadMemory at 0x272fd218 of 512 bytes failed: Only part of a ReadProcessMemory or WriteProcessMemory request was completed. (0x12B)
[1103/200152.869:ERROR:process_memory_win.cc(73)] ReadMemory at 0x5b8eef40 of 512 bytes failed: Only part of a ReadProcessMemory or WriteProcessMemory request was completed. (0x12B)
[1103/200152.869:ERROR:process_memory_win.cc(73)] ReadMemory at 0x5bcabc54 of 796 bytes failed: Only part of a ReadProcessMemory or WriteProcessMemory request was completed. (0x12B)
[1103/200152.869:ERROR:process_memory_win.cc(73)] ReadMemory at 0x5c2fe3f0 of 512 bytes failed: Only part of a ReadProcessMemory or WriteProcessMemory request was completed. (0x12B)
[1103/200152.869:ERROR:process_memory_win.cc(73)] ReadMemory at 0x75feb6e0 of 512 bytes failed: Only part of a ReadProcessMemory or WriteProcessMemory request was completed. (0x12B)
[1103/200152.869:ERROR:process_memory_win.cc(73)] ReadMemory at 0x77883bb3 of 512 bytes failed: Only part of a ReadProcessMemory or WriteProcessMemory request was completed. (0x12B)
[1103/200152.869:ERROR:process_memory_win.cc(73)] ReadMemory at 0x7788ecb8 of 512 bytes failed: Only part of a ReadProcessMemory or WriteProcessMemory request was completed. (0x12B)
[1103/200152.869:ERROR:process_memory_win.cc(73)] ReadMemory at 0x77d8fc8f of 897 bytes failed: Only part of a ReadProcessMemory or WriteProcessMemory request was completed. (0x12B)
[1103/200152.869:ERROR:process_memory_win.cc(73)] ReadMemory at 0x77d90367 of 512 bytes failed: Only part of a ReadProcessMemory or WriteProcessMemory request was completed. (0x12B)
[1103/200152.884:ERROR:process_memory_win.cc(73)] ReadMemory at 0x77da7034 of 512 bytes failed: Only part of a ReadProcessMemory or WriteProcessMemory request was completed. (0x12B)
[1103/200152.884:ERROR:process_memory_win.cc(73)] ReadMemory at 0x77dc8328 of 18 bytes failed: Only part of a ReadProcessMemory or WriteProcessMemory request was completed. (0x12B)
[1103/200152.884:ERROR:process_memory_win.cc(73)] ReadMemory at 0x77e37340 of 24 bytes failed: Only part of a ReadProcessMemory or WriteProcessMemory request was completed. (0x12B)
[1103/200152.884:ERROR:process_memory_win.cc(73)] ReadMemory at 0x77e37540 of 32 bytes failed: Only part of a ReadProcessMemory or WriteProcessMemory request was completed. (0x12B)
[1103/200152.884:ERROR:process_memory_win.cc(73)] ReadMemory at 0x77e37880 of 36 bytes failed: Only part of a ReadProcessMemory or WriteProcessMemory request was completed. (0x12B)
[1103/200152.884:ERROR:process_memory_win.cc(73)] ReadMemory at 0x7ffad000 of 3992 bytes failed: Only part of a ReadProcessMemory or WriteProcessMemory request was completed. (0x12B)
[1103/200152.884:ERROR:process_memory_win.cc(73)] ReadMemory at 0x7ffae000 of 3992 bytes failed: Only part of a ReadProcessMemory or WriteProcessMemory request was completed. (0x12B)
[1103/200152.884:ERROR:process_memory_win.cc(73)] ReadMemory at 0x7ffaf000 of 3992 bytes failed: Only part of a ReadProcessMemory or WriteProcessMemory request was completed. (0x12B)
[1103/200152.884:ERROR:process_memory_win.cc(73)] ReadMemory at 0x7ffd3000 of 3992 bytes failed: Only part of a ReadProcessMemory or WriteProcessMemory request was completed. (0x12B)
[1103/200152.884:ERROR:process_memory_win.cc(73)] ReadMemory at 0x7ffd4000 of 3992 bytes failed: Only part of a ReadProcessMemory or WriteProcessMemory request was completed. (0x12B)
[1103/200152.884:ERROR:process_memory_win.cc(73)] ReadMemory at 0x7ffd5000 of 3992 bytes failed: Only part of a ReadProcessMemory or WriteProcessMemory request was completed. (0x12B)
[1103/200152.884:ERROR:process_memory_win.cc(73)] ReadMemory at 0x7ffd6000 of 3992 bytes failed: Only part of a ReadProcessMemory or WriteProcessMemory request was completed. (0x12B)
[1103/200152.884:ERROR:process_memory_win.cc(73)] ReadMemory at 0x7ffd7000 of 560 bytes failed: Only part of a ReadProcessMemory or WriteProcessMemory request was completed. (0x12B)
[1103/200152.884:ERROR:process_memory_win.cc(73)] ReadMemory at 0x7ffd8000 of 3992 bytes failed: Only part of a ReadProcessMemory or WriteProcessMemory request was completed. (0x12B)
[1103/200152.884:ERROR:process_memory_win.cc(73)] ReadMemory at 0x7ffd9000 of 3992 bytes failed: Only part of a ReadProcessMemory or WriteProcessMemory request was completed. (0x12B)
[1103/200152.900:ERROR:process_memory_win.cc(73)] ReadMemory at 0x7ffda000 of 3992 bytes failed: Only part of a ReadProcessMemory or WriteProcessMemory request was completed. (0x12B)
[1103/200152.900:ERROR:process_memory_win.cc(73)] ReadMemory at 0x7ffdb000 of 3992 bytes failed: Only part of a ReadProcessMemory or WriteProcessMemory request was completed. (0x12B)
[1103/200152.900:ERROR:process_memory_win.cc(73)] ReadMemory at 0x7ffdc000 of 3992 bytes failed: Only part of a ReadProcessMemory or WriteProcessMemory request was completed. (0x12B)
[1103/200152.900:ERROR:process_memory_win.cc(73)] ReadMemory at 0x7ffdd000 of 3992 bytes failed: Only part of a ReadProcessMemory or WriteProcessMemory request was completed. (0x12B)
[1103/200152.900:ERROR:process_memory_win.cc(73)] ReadMemory at 0x7ffde000 of 3992 bytes failed: Only part of a ReadProcessMemory or WriteProcessMemory request was completed. (0x12B)
[1103/200152.900:ERROR:process_memory_win.cc(73)] ReadMemory at 0x7ffdf000 of 3992 bytes failed: Only part of a ReadProcessMemory or WriteProcessMemory request was completed. (0x12B)
[1103/200152.915:ERROR:file_io_win.cc(162)] CreateFile C:\Users\AA\AppData\Local\Temp\scoped_dir2984_671373801\Crashpad\settings.dat: The system cannot find the file specified. (0x2)
[1103/200152.915:ERROR:scoped_process_suspend.cc(40)] NtResumeProcess: An attempt was made to access an exiting process. (0xc000010a)
[1103/202755.962:ERROR:directory_reader_win.cc(43)] FindFirstFile: The system cannot find the path specified. (0x3)
[1104/102828.440:ERROR:directory_reader_win.cc(43)] FindFirstFile: The system cannot find the path specified. (0x3)
[1104/103026.056:ERROR:directory_reader_win.cc(43)] FindFirstFile: The system cannot find the path specified. (0x3)
[1104/103129.843:ERROR:directory_reader_win.cc(43)] FindFirstFile: The system cannot find the path specified. (0x3)
[1104/103214.420:ERROR:directory_reader_win.cc(43)] FindFirstFile: The system cannot find the path specified. (0x3)
[1104/111409.675:ERROR:directory_reader_win.cc(43)] FindFirstFile: The system cannot find the path specified. (0x3)
[1104/121045.393:ERROR:directory_reader_win.cc(43)] FindFirstFile: The system cannot find the path specified. (0x3)
[1104/121132.869:ERROR:directory_reader_win.cc(43)] FindFirstFile: The system cannot find the path specified. (0x3)
[1104/121230.810:ERROR:directory_reader_win.cc(43)] FindFirstFile: The system cannot find the path specified. (0x3)
